{
{
  "timestamp": "2025-07-17 00:07:40",
  "action": "TASK_CREATED",
  "task": {
    "id": 2,
    "title": "로그 보기",
    "status": "Backlog",
    "category": null,
    "priority": 2,
    "is_pinned": false
  }
}
--------------------------------------------------
{
  "timestamp": "2025-07-17 00:07:45",
  "action": "TASK_UPDATED",
  "task": {
    "id": 2,
    "title": "로그 보기",
    "status": "Backlog",
    "category": null,
    "priority": 2,
    "is_pinned": false
  },
  "changes": {}
}
--------------------------------------------------
{
  "timestamp": "2025-07-17 00:07:58",
  "action": "TASK_UPDATED",
  "task": {
    "id": 2,
    "title": "로그 보기",
    "status": "Backlog",
    "category": "test",
    "priority": 2,
    "is_pinned": false
  },
  "changes": {
    "category": {
      "from": null,
      "to": "test"
    }
  }
}
--------------------------------------------------
{
  "timestamp": "2025-07-17 00:08:16",
  "action": "TASK_PINNED",
  "task": {
    "id": 2,
    "title": "로그 보기",
    "status": "Backlog",
    "category": "test",
    "priority": 2,
    "is_pinned": true
  },
  "changes": {
    "is_pinned": {
      "from": false,
      "to": true
    }
  }
}
--------------------------------------------------
{
  "timestamp": "2025-07-17 20:55:53",
  "action": "TASK_STATUS_CHANGED",
  "task": {
    "id": 2,
    "title": "로그 보기",
    "status": "Done",
    "category": "test",
    "priority": 2,
    "is_pinned": true
  },
  "changes": {
    "status": {
      "from": "Backlog",
      "to": "Done"
    }
  }
}
--------------------------------------------------
{
  "timestamp": "2025-07-17 21:07:51",
  "action": "TASK_CREATED",
  "task": {
    "id": 3,
    "title": "할일",
    "status": "Backlog",
    "category": null,
    "priority": 2,
    "is_pinned": false
  }
}
--------------------------------------------------
{
  "timestamp": "2025-07-17 21:20:50",
  "action": "TASK_STATUS_CHANGED",
  "task": {
    "id": 6,
    "title": "테스트 코드 작성",
    "status": "In Progress",
    "category": null,
    "priority": 4,
    "is_pinned": true
  },
  "changes": {
    "status": {
      "from": "Todo",
      "to": "In Progress"
    }
  }
}
--------------------------------------------------
{
  "timestamp": "2025-07-17 21:20:52",
  "action": "TASK_STATUS_CHANGED",
  "task": {
    "id": 7,
    "title": "문서 업데이트",
    "status": "Todo",
    "category": null,
    "priority": 1,
    "is_pinned": false
  },
  "changes": {}
}
--------------------------------------------------
{
  "timestamp": "2025-07-17 21:20:52",
  "action": "TASK_STATUS_CHANGED",
  "task": {
    "id": 7,
    "title": "문서 업데이트",
    "status": "In Progress",
    "category": null,
    "priority": 1,
    "is_pinned": false
  },
  "changes": {
    "status": {
      "from": "Todo",
      "to": "In Progress"
    }
  }
}
--------------------------------------------------
{
  "timestamp": "2025-07-17 21:28:38",
  "action": "TASK_CREATED",
  "task": {
    "id": 2,
    "title": "123123",
    "status": "Todo",
    "category": null,
    "priority": 2,
    "is_pinned": false
  }
}
--------------------------------------------------
{
  "timestamp": "2025-07-17 21:28:42",
  "action": "TASK_CREATED",
  "task": {
    "id": 3,
    "title": "테스트하기",
    "status": "Todo",
    "category": null,
    "priority": 2,
    "is_pinned": false
  }
}
--------------------------------------------------
{
  "timestamp": "2025-07-17 21:41:20",
  "action": "TASK_STATUS_CHANGED",
  "task": {
    "id": 3,
    "title": "테스트하기",
    "status": "backlog",
    "category": null,
    "priority": 2,
    "is_pinned": false
  },
  "changes": {
    "status": {
      "from": "Todo",
      "to": "backlog"
    }
  }
}
--------------------------------------------------
{
  "timestamp": "2025-07-17 21:41:21",
  "action": "TASK_STATUS_CHANGED",
  "task": {
    "id": 2,
    "title": "123123",
    "status": "backlog",
    "category": null,
    "priority": 2,
    "is_pinned": false
  },
  "changes": {
    "status": {
      "from": "Todo",
      "to": "backlog"
    }
  }
}
--------------------------------------------------
{
  "timestamp": "2025-07-17 21:41:22",
  "action": "TASK_STATUS_CHANGED",
  "task": {
    "id": 1,
    "title": "123",
    "status": "backlog",
    "category": null,
    "priority": 2,
    "is_pinned": false
  },
  "changes": {
    "status": {
      "from": "Todo",
      "to": "backlog"
    }
  }
}
--------------------------------------------------
{
  "timestamp": "2025-07-17 21:48:27",
  "action": "TASK_STATUS_CHANGED",
  "task": {
    "id": 3,
    "title": "테스트하기",
    "status": "backlog",
    "category": null,
    "priority": 2,
    "is_pinned": false
  },
  "changes": {}
}
--------------------------------------------------
{
  "timestamp": "2025-07-17 21:48:28",
  "action": "TASK_STATUS_CHANGED",
  "task": {
    "id": 3,
    "title": "테스트하기",
    "status": "backlog",
    "category": null,
    "priority": 2,
    "is_pinned": false
  },
  "changes": {}
}
--------------------------------------------------
{
  "timestamp": "2025-07-17 21:48:29",
  "action": "TASK_STATUS_CHANGED",
  "task": {
    "id": 3,
    "title": "테스트하기",
    "status": "ToDo",
    "category": null,
    "priority": 2,
    "is_pinned": false
  },
  "changes": {
    "status": {
      "from": "backlog",
      "to": "ToDo"
    }
  }
}
--------------------------------------------------
{
  "timestamp": "2025-07-17 21:48:33",
  "action": "TASK_STATUS_CHANGED",
  "task": {
    "id": 2,
    "title": "123123",
    "status": "backlog",
    "category": null,
    "priority": 2,
    "is_pinned": false
  },
  "changes": {}
}
--------------------------------------------------
{
  "timestamp": "2025-07-17 22:14:29",
  "action": "TASK_UPDATED",
  "task": {
    "id": 3,
    "title": "테스트하기",
    "status": "ToDo",
    "category": null,
    "priority": 2,
    "is_pinned": false
  },
  "changes": {}
}
--------------------------------------------------
{
  "timestamp": "2025-07-17 22:19:40",
  "action": "TASK_UPDATED",
  "task": {
    "id": 3,
    "title": "테스트하기",
    "status": "ToDo",
    "category": null,
    "priority": 2,
    "is_pinned": false
  },
  "changes": {}
}
--------------------------------------------------
{
  "timestamp": "2025-07-17 22:23:34",
  "action": "TASK_UPDATED",
  "task": {
    "id": 2,
    "title": "123123",
    "status": "backlog",
    "category": null,
    "priority": 2,
    "is_pinned": false
  },
  "changes": {}
}
--------------------------------------------------
{
  "timestamp": "2025-07-17 22:24:06",
  "action": "TASK_STATUS_CHANGED",
  "task": {
    "id": 3,
    "title": "테스트하기",
    "status": "Done",
    "category": null,
    "priority": 2,
    "is_pinned": false
  },
  "changes": {
    "status": {
      "from": "ToDo",
      "to": "Done"
    }
  }
}
--------------------------------------------------
{
  "timestamp": "2025-07-17 22:24:31",
  "action": "TASK_UPDATED",
  "task": {
    "id": 3,
    "title": "테스트하기",
    "status": "Done",
    "category": "ㅁ",
    "priority": 2,
    "is_pinned": false
  },
  "changes": {
    "category": {
      "from": null,
      "to": "ㅁ"
    }
  }
}
--------------------------------------------------
{
  "timestamp": "2025-07-17 22:24:36",
  "action": "TASK_UPDATED",
  "task": {
    "id": 2,
    "title": "123123",
    "status": "backlog",
    "category": "ㄴ",
    "priority": 2,
    "is_pinned": false
  },
  "changes": {
    "category": {
      "from": null,
      "to": "ㄴ"
    }
  }
}
--------------------------------------------------
{
  "timestamp": "2025-07-17 22:24:39",
  "action": "TASK_UPDATED",
  "task": {
    "id": 1,
    "title": "123",
    "status": "backlog",
    "category": "ㅁ",
    "priority": 2,
    "is_pinned": false
  },
  "changes": {
    "category": {
      "from": null,
      "to": "ㅁ"
    }
  }
}
--------------------------------------------------
{
  "timestamp": "2025-07-17 22:30:10",
  "action": "TASK_STATUS_CHANGED",
  "task": {
    "id": 2,
    "title": "123123",
    "status": "ToDo",
    "category": "ㄴ",
    "priority": 2,
    "is_pinned": false
  },
  "changes": {
    "status": {
      "from": "backlog",
      "to": "ToDo"
    }
  }
}
--------------------------------------------------
{
  "timestamp": "2025-07-17 22:30:12",
  "action": "TASK_STATUS_CHANGED",
  "task": {
    "id": 2,
    "title": "123123",
    "status": "Done",
    "category": "ㄴ",
    "priority": 2,
    "is_pinned": false
  },
  "changes": {
    "status": {
      "from": "ToDo",
      "to": "Done"
    }
  }
}
--------------------------------------------------
{
  "timestamp": "2025-07-17 22:32:27",
  "action": "TASK_STATUS_CHANGED",
  "task": {
    "id": 3,
    "title": "테스트하기",
    "status": "In Progress",
    "category": "ㅁ",
    "priority": 2,
    "is_pinned": false
  },
  "changes": {
    "status": {
      "from": "Done",
      "to": "In Progress"
    }
  }
}
--------------------------------------------------
{
  "timestamp": "2025-07-17 22:32:28",
  "action": "TASK_STATUS_CHANGED",
  "task": {
    "id": 2,
    "title": "123123",
    "status": "In Progress",
    "category": "ㄴ",
    "priority": 2,
    "is_pinned": false
  },
  "changes": {
    "status": {
      "from": "Done",
      "to": "In Progress"
    }
  }
}
--------------------------------------------------
{
  "timestamp": "2025-07-17 22:32:45",
  "action": "TASK_STATUS_CHANGED",
  "task": {
    "id": 3,
    "title": "테스트하기",
    "status": "Done",
    "category": "ㅁ",
    "priority": 2,
    "is_pinned": false
  },
  "changes": {
    "status": {
      "from": "In Progress",
      "to": "Done"
    }
  }
}
--------------------------------------------------
{
  "timestamp": "2025-07-17 22:32:45",
  "action": "TASK_COMPLETED",
  "task": {
    "id": 3,
    "title": "테스트하기",
    "status": "Done",
    "category": "ㅁ",
    "priority": 2,
    "is_pinned": false
  }
}
--------------------------------------------------
{
  "timestamp": "2025-07-17 22:32:47",
  "action": "TASK_STATUS_CHANGED",
  "task": {
    "id": 2,
    "title": "123123",
    "status": "Done",
    "category": "ㄴ",
    "priority": 2,
    "is_pinned": false
  },
  "changes": {
    "status": {
      "from": "In Progress",
      "to": "Done"
    }
  }
}
--------------------------------------------------
{
  "timestamp": "2025-07-17 22:32:47",
  "action": "TASK_COMPLETED",
  "task": {
    "id": 2,
    "title": "123123",
    "status": "Done",
    "category": "ㄴ",
    "priority": 2,
    "is_pinned": false
  }
}
--------------------------------------------------
{
  "timestamp": "2025-07-17 22:38:54",
  "action": "TASK_PINNED",
  "task": {
    "id": 1,
    "title": "123",
    "status": "backlog",
    "category": "ㅁ",
    "priority": 2,
    "is_pinned": true
  },
  "changes": {
    "is_pinned": {
      "from": false,
      "to": true
    }
  }
}
--------------------------------------------------
{
  "timestamp": "2025-07-17 22:39:01",
  "action": "TASK_UNPINNED",
  "task": {
    "id": 1,
    "title": "123",
    "status": "backlog",
    "category": "ㅁ",
    "priority": 2,
    "is_pinned": false
  },
  "changes": {
    "is_pinned": {
      "from": true,
      "to": false
    }
  }
}
--------------------------------------------------
{
  "timestamp": "2025-07-17 22:39:07",
  "action": "TASK_CREATED",
  "task": {
    "id": 4,
    "title": "3544352345",
    "status": "backlog",
    "category": null,
    "priority": 2,
    "is_pinned": false
  }
}
--------------------------------------------------
{
  "timestamp": "2025-07-17 22:39:09",
  "action": "TASK_PINNED",
  "task": {
    "id": 1,
    "title": "123",
    "status": "backlog",
    "category": "ㅁ",
    "priority": 2,
    "is_pinned": true
  },
  "changes": {
    "is_pinned": {
      "from": false,
      "to": true
    }
  }
}
--------------------------------------------------
{
  "timestamp": "2025-07-17 22:39:10",
  "action": "TASK_UNPINNED",
  "task": {
    "id": 1,
    "title": "123",
    "status": "backlog",
    "category": "ㅁ",
    "priority": 2,
    "is_pinned": false
  },
  "changes": {
    "is_pinned": {
      "from": true,
      "to": false
    }
  }
}
--------------------------------------------------
{
  "timestamp": "2025-07-17 22:39:13",
  "action": "TASK_PINNED",
  "task": {
    "id": 2,
    "title": "123123",
    "status": "Done",
    "category": "ㄴ",
    "priority": 2,
    "is_pinned": true
  },
  "changes": {
    "is_pinned": {
      "from": false,
      "to": true
    }
  }
}
--------------------------------------------------
{
  "timestamp": "2025-07-17 22:39:13",
  "action": "TASK_UNPINNED",
  "task": {
    "id": 2,
    "title": "123123",
    "status": "Done",
    "category": "ㄴ",
    "priority": 2,
    "is_pinned": false
  },
  "changes": {
    "is_pinned": {
      "from": true,
      "to": false
    }
  }
}
--------------------------------------------------
{
  "timestamp": "2025-07-17 22:40:28",
  "action": "TASK_PINNED",
  "task": {
    "id": 2,
    "title": "123123",
    "status": "Done",
    "category": "ㄴ",
    "priority": 2,
    "is_pinned": true
  },
  "changes": {
    "is_pinned": {
      "from": false,
      "to": true
    }
  }
}
--------------------------------------------------
{
  "timestamp": "2025-07-17 22:40:29",
  "action": "TASK_UNPINNED",
  "task": {
    "id": 2,
    "title": "123123",
    "status": "Done",
    "category": "ㄴ",
    "priority": 2,
    "is_pinned": false
  },
  "changes": {
    "is_pinned": {
      "from": true,
      "to": false
    }
  }
}
--------------------------------------------------
{
  "timestamp": "2025-07-17 22:40:44",
  "action": "TASK_UPDATED",
  "task": {
    "id": 4,
    "title": "3544352345",
    "status": "backlog",
    "category": "ㅁ",
    "priority": 2,
    "is_pinned": false
  },
  "changes": {
    "category": {
      "from": null,
      "to": "ㅁ"
    }
  }
}
--------------------------------------------------
{
  "timestamp": "2025-07-17 22:41:12",
  "action": "TASK_STATUS_CHANGED",
  "task": {
    "id": 3,
    "title": "테스트하기",
    "status": "In Progress",
    "category": "ㅁ",
    "priority": 2,
    "is_pinned": false
  },
  "changes": {
    "status": {
      "from": "Done",
      "to": "In Progress"
    }
  }
}
--------------------------------------------------
{
  "timestamp": "2025-07-17 22:41:14",
  "action": "TASK_STATUS_CHANGED",
  "task": {
    "id": 3,
    "title": "테스트하기",
    "status": "Done",
    "category": "ㅁ",
    "priority": 2,
    "is_pinned": false
  },
  "changes": {
    "status": {
      "from": "In Progress",
      "to": "Done"
    }
  }
}
--------------------------------------------------
{
  "timestamp": "2025-07-17 22:41:14",
  "action": "TASK_COMPLETED",
  "task": {
    "id": 3,
    "title": "테스트하기",
    "status": "Done",
    "category": "ㅁ",
    "priority": 2,
    "is_pinned": false
  }
}
--------------------------------------------------
{
  "timestamp": "2025-07-17 23:00:31",
  "action": "TASK_CREATED",
  "task": {
    "id": 1,
    "title": "1",
    "status": "Backlog",
    "category": null,
    "priority": 2,
    "is_pinned": false
  }
}
--------------------------------------------------
{
  "timestamp": "2025-07-17 23:00:33",
  "action": "TASK_CREATED",
  "task": {
    "id": 2,
    "title": "2",
    "status": "Backlog",
    "category": null,
    "priority": 2,
    "is_pinned": false
  }
}
--------------------------------------------------
{
  "timestamp": "2025-07-17 23:00:35",
  "action": "TASK_CREATED",
  "task": {
    "id": 3,
    "title": "3",
    "status": "Backlog",
    "category": null,
    "priority": 2,
    "is_pinned": false
  }
}
--------------------------------------------------
{
  "timestamp": "2025-07-17 23:00:39",
  "action": "TASK_CREATED",
  "task": {
    "id": 4,
    "title": "a",
    "status": "Backlog",
    "category": null,
    "priority": 2,
    "is_pinned": false
  }
}
--------------------------------------------------
{
  "timestamp": "2025-07-17 23:00:41",
  "action": "TASK_CREATED",
  "task": {
    "id": 5,
    "title": "b",
    "status": "Backlog",
    "category": null,
    "priority": 2,
    "is_pinned": false
  }
}
--------------------------------------------------
{
  "timestamp": "2025-07-17 23:00:42",
  "action": "TASK_CREATED",
  "task": {
    "id": 6,
    "title": "c",
    "status": "Backlog",
    "category": null,
    "priority": 2,
    "is_pinned": false
  }
}
--------------------------------------------------
{
  "timestamp": "2025-07-17 23:00:46",
  "action": "TASK_CREATED",
  "task": {
    "id": 7,
    "title": "ㄱ",
    "status": "Backlog",
    "category": null,
    "priority": 2,
    "is_pinned": false
  }
}
--------------------------------------------------
{
  "timestamp": "2025-07-17 23:00:47",
  "action": "TASK_CREATED",
  "task": {
    "id": 8,
    "title": "ㄴ",
    "status": "Backlog",
    "category": null,
    "priority": 2,
    "is_pinned": false
  }
}
--------------------------------------------------
{
  "timestamp": "2025-07-17 23:00:48",
  "action": "TASK_CREATED",
  "task": {
    "id": 9,
    "title": "ㄷ",
    "status": "Backlog",
    "category": null,
    "priority": 2,
    "is_pinned": false
  }
}
--------------------------------------------------
{
  "timestamp": "2025-07-17 23:01:21",
  "action": "TASK_UPDATED",
  "task": {
    "id": 9,
    "title": "ㄷ",
    "status": "Backlog",
    "category": "한글",
    "priority": 2,
    "is_pinned": false
  },
  "changes": {
    "category": {
      "from": null,
      "to": "한글"
    }
  }
}
--------------------------------------------------
{
  "timestamp": "2025-07-17 23:01:25",
  "action": "TASK_UPDATED",
  "task": {
    "id": 8,
    "title": "ㄴ",
    "status": "Backlog",
    "category": "한글",
    "priority": 2,
    "is_pinned": false
  },
  "changes": {
    "category": {
      "from": null,
      "to": "한글"
    }
  }
}
--------------------------------------------------
{
  "timestamp": "2025-07-17 23:01:30",
  "action": "TASK_UPDATED",
  "task": {
    "id": 7,
    "title": "ㄱ",
    "status": "Backlog",
    "category": "한글",
    "priority": 2,
    "is_pinned": false
  },
  "changes": {
    "category": {
      "from": null,
      "to": "한글"
    }
  }
}
--------------------------------------------------
{
  "timestamp": "2025-07-17 23:01:34",
  "action": "TASK_UPDATED",
  "task": {
    "id": 6,
    "title": "c",
    "status": "Backlog",
    "category": "영어",
    "priority": 2,
    "is_pinned": false
  },
  "changes": {
    "category": {
      "from": null,
      "to": "영어"
    }
  }
}
--------------------------------------------------
{
  "timestamp": "2025-07-17 23:01:40",
  "action": "TASK_UPDATED",
  "task": {
    "id": 5,
    "title": "b",
    "status": "Backlog",
    "category": "영어",
    "priority": 2,
    "is_pinned": false
  },
  "changes": {
    "category": {
      "from": null,
      "to": "영어"
    }
  }
}
--------------------------------------------------
{
  "timestamp": "2025-07-17 23:01:45",
  "action": "TASK_UPDATED",
  "task": {
    "id": 4,
    "title": "a",
    "status": "Backlog",
    "category": "영어",
    "priority": 2,
    "is_pinned": false
  },
  "changes": {
    "category": {
      "from": null,
      "to": "영어"
    }
  }
}
--------------------------------------------------
{
  "timestamp": "2025-07-17 23:01:48",
  "action": "TASK_UPDATED",
  "task": {
    "id": 3,
    "title": "3",
    "status": "Backlog",
    "category": "숫자",
    "priority": 2,
    "is_pinned": false
  },
  "changes": {
    "category": {
      "from": null,
      "to": "숫자"
    }
  }
}
--------------------------------------------------
{
  "timestamp": "2025-07-17 23:01:53",
  "action": "TASK_UPDATED",
  "task": {
    "id": 2,
    "title": "2",
    "status": "Backlog",
    "category": "숫자",
    "priority": 2,
    "is_pinned": false
  },
  "changes": {
    "category": {
      "from": null,
      "to": "숫자"
    }
  }
}
--------------------------------------------------
{
  "timestamp": "2025-07-17 23:01:57",
  "action": "TASK_UPDATED",
  "task": {
    "id": 1,
    "title": "1",
    "status": "Backlog",
    "category": "숫자",
    "priority": 2,
    "is_pinned": false
  },
  "changes": {
    "category": {
      "from": null,
      "to": "숫자"
    }
  }
}
--------------------------------------------------
{
  "timestamp": "2025-07-17 23:02:08",
  "action": "TASK_UPDATED",
  "task": {
    "id": 9,
    "title": "ㄷ",
    "status": "Backlog",
    "category": "한글",
    "priority": 2,
    "is_pinned": false
  },
  "changes": {}
}
--------------------------------------------------
{
  "timestamp": "2025-07-17 23:02:13",
  "action": "TASK_UPDATED",
  "task": {
    "id": 6,
    "title": "c",
    "status": "Backlog",
    "category": "영어",
    "priority": 2,
    "is_pinned": false
  },
  "changes": {}
}
--------------------------------------------------
{
  "timestamp": "2025-07-17 23:02:17",
  "action": "TASK_UPDATED",
  "task": {
    "id": 3,
    "title": "3",
    "status": "Backlog",
    "category": "숫자",
    "priority": 2,
    "is_pinned": false
  },
  "changes": {}
}
--------------------------------------------------
{
  "timestamp": "2025-07-17 23:02:25",
  "action": "TASK_UPDATED",
  "task": {
    "id": 8,
    "title": "ㄴ",
    "status": "Backlog",
    "category": "한글",
    "priority": 2,
    "is_pinned": false
  },
  "changes": {}
}
--------------------------------------------------
{
  "timestamp": "2025-07-17 23:02:29",
  "action": "TASK_UPDATED",
  "task": {
    "id": 5,
    "title": "b",
    "status": "Backlog",
    "category": "영어",
    "priority": 2,
    "is_pinned": false
  },
  "changes": {}
}
--------------------------------------------------
{
  "timestamp": "2025-07-17 23:02:32",
  "action": "TASK_UPDATED",
  "task": {
    "id": 2,
    "title": "2",
    "status": "Backlog",
    "category": "숫자",
    "priority": 2,
    "is_pinned": false
  },
  "changes": {}
}
--------------------------------------------------
{
  "timestamp": "2025-07-17 23:02:52",
  "action": "TASK_STATUS_CHANGED",
  "task": {
    "id": 9,
    "title": "ㄷ",
    "status": "ToDo",
    "category": "한글",
    "priority": 2,
    "is_pinned": false
  },
  "changes": {
    "status": {
      "from": "Backlog",
      "to": "ToDo"
    }
  }
}
--------------------------------------------------
{
  "timestamp": "2025-07-17 23:03:02",
  "action": "TASK_STATUS_CHANGED",
  "task": {
    "id": 7,
    "title": "ㄱ",
    "status": "ToDo",
    "category": "한글",
    "priority": 2,
    "is_pinned": false
  },
  "changes": {
    "status": {
      "from": "Backlog",
      "to": "ToDo"
    }
  }
}
--------------------------------------------------
{
  "timestamp": "2025-07-17 23:03:04",
  "action": "TASK_STATUS_CHANGED",
  "task": {
    "id": 5,
    "title": "b",
    "status": "In Progress",
    "category": "영어",
    "priority": 2,
    "is_pinned": false
  },
  "changes": {
    "status": {
      "from": "Backlog",
      "to": "In Progress"
    }
  }
}
--------------------------------------------------
{
  "timestamp": "2025-07-17 23:03:05",
  "action": "TASK_STATUS_CHANGED",
  "task": {
    "id": 4,
    "title": "a",
    "status": "In Progress",
    "category": "영어",
    "priority": 2,
    "is_pinned": false
  },
  "changes": {
    "status": {
      "from": "Backlog",
      "to": "In Progress"
    }
  }
}
--------------------------------------------------
{
  "timestamp": "2025-07-17 23:03:07",
  "action": "TASK_STATUS_CHANGED",
  "task": {
    "id": 3,
    "title": "3",
    "status": "Done",
    "category": "숫자",
    "priority": 2,
    "is_pinned": false
  },
  "changes": {
    "status": {
      "from": "Backlog",
      "to": "Done"
    }
  }
}
--------------------------------------------------
{
  "timestamp": "2025-07-17 23:03:07",
  "action": "TASK_COMPLETED",
  "task": {
    "id": 3,
    "title": "3",
    "status": "Done",
    "category": "숫자",
    "priority": 2,
    "is_pinned": false
  }
}
--------------------------------------------------
{
  "timestamp": "2025-07-17 23:03:08",
  "action": "TASK_STATUS_CHANGED",
  "task": {
    "id": 2,
    "title": "2",
    "status": "Done",
    "category": "숫자",
    "priority": 2,
    "is_pinned": false
  },
  "changes": {
    "status": {
      "from": "Backlog",
      "to": "Done"
    }
  }
}
--------------------------------------------------
{
  "timestamp": "2025-07-17 23:03:08",
  "action": "TASK_COMPLETED",
  "task": {
    "id": 2,
    "title": "2",
    "status": "Done",
    "category": "숫자",
    "priority": 2,
    "is_pinned": false
  }
}
--------------------------------------------------
{
  "timestamp": "2025-07-17 23:03:10",
  "action": "TASK_STATUS_CHANGED",
  "task": {
    "id": 1,
    "title": "1",
    "status": "Done",
    "category": "숫자",
    "priority": 2,
    "is_pinned": false
  },
  "changes": {
    "status": {
      "from": "Backlog",
      "to": "Done"
    }
  }
}
--------------------------------------------------
{
  "timestamp": "2025-07-17 23:03:10",
  "action": "TASK_COMPLETED",
  "task": {
    "id": 1,
    "title": "1",
    "status": "Done",
    "category": "숫자",
    "priority": 2,
    "is_pinned": false
  }
}
--------------------------------------------------
{
  "timestamp": "2025-07-17 23:03:18",
  "action": "TASK_STATUS_CHANGED",
  "task": {
    "id": 5,
    "title": "b",
    "status": "Done",
    "category": "영어",
    "priority": 2,
    "is_pinned": false
  },
  "changes": {
    "status": {
      "from": "In Progress",
      "to": "Done"
    }
  }
}
--------------------------------------------------
{
  "timestamp": "2025-07-17 23:03:18",
  "action": "TASK_COMPLETED",
  "task": {
    "id": 5,
    "title": "b",
    "status": "Done",
    "category": "영어",
    "priority": 2,
    "is_pinned": false
  }
}
--------------------------------------------------
